<?xml version="1.0" encoding="UTF-8"?>
<testsuites name="Test Suite 1" time="36" tests="1" failures="4" errors="0">
   <testsuite name="Test Suite 1" tests="1" failures="4" errors="0" time="36" timestamp="2018-03-29 07:16:45" hostname="Dto - Dto-PC" id="Test Suites/Test Suite 1">
      <properties>
         <property name="deviceName" value=""/>
         <property name="devicePlatform" value=""/>
         <property name="logFolder" value="D:\\Katalon Project\\Project1\\Project1\\Reports\\Test Suite 1\\20180329_071643"/>
         <property name="logFiles" value="D:\\Katalon Project\\Project1\\Project1\\Reports\\Test Suite 1\\20180329_071643\\execution0.log"/>
         <property name="attachments" value="D:\\Katalon Project\\Project1\\Project1\\Reports\\Test Suite 1\\20180329_071643\\1522282638351.png, D:\\Katalon Project\\Project1\\Project1\\Reports\\Test Suite 1\\20180329_071643\\1522282638917.png"/>
         <property name="hostName" value="Dto - Dto-PC"/>
         <property name="os" value="Windows 10 64bit"/>
         <property name="katalonVersion" value="5.3.1.1"/>
         <property name="browser" value="Chrome 65.0.3325.181"/>
         <property name="hostAddress" value="10.0.75.1"/>
         <property name="sessionId" value="04186516cb7d080b74b4095e4d58304d"/>
         <property name="seleniumVersion" value="3.7.1"/>
         <property name="proxyInformation" value="ProxyInformation{proxyOption=NO_PROXY, proxyServerType=HTTP, password=, proxyServerAddress=, proxyServerPort=0}"/>
         <property name="platform" value="Windows 10"/>
      </properties>
      <testcase name="Test Cases/Test case 1" classname="Test Cases/Test case 1" status="FAILED">
         <failure type="FAILED" message="Verify element text of test object 'Object Repository/Page_Lab 234/answer' FAILED. (Root cause: com.kms.katalon.core.webui.exception.WebElementNotFoundException: Web element with id: 'Object Repository/Page_Lab 234/answer' located by 'By.xpath: /html[1]/body[1]/app-root[1]/div[@class=&quot;row&quot;]/div[@class=&quot;col-md-6&quot;]/button[@class=&quot;btn btn-warning btn-lg col-md-3&quot;]' not found)"/>
         <system-out><![CDATA[2018-03-29 07:16:45 - [TEST_CASE][FAILED] - Test Cases/Test case 1: Test Cases/Test case 1 FAILED because (of) Verify element text of test object 'Object Repository/Page_Lab 234/answer' FAILED. (Root cause: com.kms.katalon.core.webui.exception.WebElementNotFoundException: Web element with id: 'Object Repository/Page_Lab 234/answer' located by 'By.xpath: /html[1]/body[1]/app-root[1]/div[@class="row"]/div[@class="col-md-6"]/button[@class="btn btn-warning btn-lg col-md-3"]' not found)

2018-03-29 07:16:45 - [TEST_STEP][PASSED] - openBrowser: Browser is opened with url: ''

2018-03-29 07:16:46 - [MESSAGE][PASSED] - Browser is opened with url: ''

2018-03-29 07:16:46 - [TEST_STEP][PASSED] - navigateToUrl: Navigate to 'http://54.255.174.42:8081/' successfully

2018-03-29 07:16:47 - [MESSAGE][PASSED] - Navigate to 'http://54.255.174.42:8081/' successfully

2018-03-29 07:16:47 - [TEST_STEP][PASSED] - setText: Text '99' is set on object 'Object Repository/Page_Lab 234/input_score'

2018-03-29 07:16:47 - [MESSAGE][PASSED] - Text '99' is set on object 'Object Repository/Page_Lab 234/input_score'

2018-03-29 07:16:47 - [TEST_STEP][PASSED] - click: Object: 'Object Repository/Page_Lab 234/button_Submit' is clicked on

2018-03-29 07:16:47 - [MESSAGE][PASSED] - Object: 'Object Repository/Page_Lab 234/button_Submit' is clicked on

2018-03-29 07:16:47 - [TEST_STEP][FAILED] - verifyElementText: Verify element text of test object 'Object Repository/Page_Lab 234/answer' FAILED. (Root cause: com.kms.katalon.core.webui.exception.WebElementNotFoundException: Web element with id: 'Object Repository/Page_Lab 234/answer' located by 'By.xpath: /html[1]/body[1]/app-root[1]/div[@class="row"]/div[@class="col-md-6"]/button[@class="btn btn-warning btn-lg col-md-3"]' not found)

2018-03-29 07:17:18 - [MESSAGE][FAILED] - com.kms.katalon.core.webui.exception.WebElementNotFoundException: Web element with id: 'Object Repository/Page_Lab 234/answer' located by 'By.xpath: /html[1]/body[1]/app-root[1]/div[@class="row"]/div[@class="col-md-6"]/button[@class="btn btn-warning btn-lg col-md-3"]' not found
[[ATTACHMENT|D:\\Katalon Project\\Project1\\Project1\\Reports\\Test Suite 1\\20180329_071643\\1522282638351.png]]

2018-03-29 07:17:19 - [MESSAGE][FAILED] - Verify element text of test object 'Object Repository/Page_Lab 234/answer' FAILED. (Root cause: com.kms.katalon.core.webui.exception.WebElementNotFoundException: Web element with id: 'Object Repository/Page_Lab 234/answer' located by 'By.xpath: /html[1]/body[1]/app-root[1]/div[@class="row"]/div[@class="col-md-6"]/button[@class="btn btn-warning btn-lg col-md-3"]' not found)
[[ATTACHMENT|D:\\Katalon Project\\Project1\\Project1\\Reports\\Test Suite 1\\20180329_071643\\1522282638917.png]]]]></system-out>
         <system-err><![CDATA[2018-03-29 07:16:45 - [TEST_CASE][FAILED] - Test Cases/Test case 1: Test Cases/Test case 1 FAILED because (of) Verify element text of test object 'Object Repository/Page_Lab 234/answer' FAILED. (Root cause: com.kms.katalon.core.webui.exception.WebElementNotFoundException: Web element with id: 'Object Repository/Page_Lab 234/answer' located by 'By.xpath: /html[1]/body[1]/app-root[1]/div[@class="row"]/div[@class="col-md-6"]/button[@class="btn btn-warning btn-lg col-md-3"]' not found)]]></system-err>
      </testcase>
      <testcase name="Test Cases/Test case 2" classname="Test Cases/Test case 2" status="PASSED">
         <system-out><![CDATA[2018-03-29 07:17:19 - [TEST_CASE][PASSED] - Test Cases/Test case 2: Test Cases/Test case 2

2018-03-29 07:17:19 - [TEST_STEP][PASSED] - openBrowser: Browser is opened with url: ''

2018-03-29 07:17:19 - [MESSAGE][PASSED] - Browser is opened with url: ''

2018-03-29 07:17:19 - [TEST_STEP][PASSED] - navigateToUrl: Navigate to 'http://54.255.174.42:8081/' successfully

2018-03-29 07:17:19 - [MESSAGE][PASSED] - Navigate to 'http://54.255.174.42:8081/' successfully

2018-03-29 07:17:19 - [TEST_STEP][PASSED] - setText: Text '55' is set on object 'Object Repository/Page_Lab 234/input_score'

2018-03-29 07:17:19 - [MESSAGE][PASSED] - Text '55' is set on object 'Object Repository/Page_Lab 234/input_score'

2018-03-29 07:17:19 - [TEST_STEP][PASSED] - click: Object: 'Object Repository/Page_Lab 234/button_Submit' is clicked on

2018-03-29 07:17:19 - [MESSAGE][PASSED] - Object: 'Object Repository/Page_Lab 234/button_Submit' is clicked on

2018-03-29 07:17:19 - [TEST_STEP][PASSED] - verifyElementText: Actual text and expected text of test object 'Object Repository/Page_Lab 234/answer' are matched.

2018-03-29 07:17:20 - [MESSAGE][PASSED] - Actual text and expected text of test object 'Object Repository/Page_Lab 234/answer' are matched.

2018-03-29 07:17:20 - [TEST_STEP][PASSED] - closeBrowser: Browser is closed

2018-03-29 07:17:20 - [MESSAGE][PASSED] - Browser is closed]]></system-out>
         <system-err><![CDATA[]]></system-err>
      </testcase>
      <testcase name="Test Cases/Test case 3" classname="Test Cases/Test case 3" status="FAILED">
         <failure type="FAILED" message="Unable to open browser with url: '' (Root cause: org.openqa.selenium.NoSuchSessionException: no such session
  (Driver info: chromedriver=2.35.528161 (5b82f2d2aae0ca24b877009200ced9065a772e73),platform=Windows NT 10.0.16299 x86_64) (WARNING: The server did not provide any stacktrace information)
Command duration or timeout: 0 milliseconds
Build info: version: '3.7.1', revision: '8a0099a', time: '2017-11-06T21:07:36.161Z'
System info: host: 'DTO-PC', ip: '10.0.75.1', os.name: 'Windows 10', os.arch: 'amd64', os.version: '10.0', java.version: '1.8.0_102'
Driver info: com.kms.katalon.core.webui.driver.ExistingRemoteWebDriver
Capabilities {javascriptEnabled: true, platform: ANY, platformName: ANY}
Session ID: 04186516cb7d080b74b4095e4d58304d)"/>
         <system-out><![CDATA[2018-03-29 07:17:20 - [TEST_CASE][FAILED] - Test Cases/Test case 3: Test Cases/Test case 3 FAILED because (of) Unable to open browser with url: '' (Root cause: org.openqa.selenium.NoSuchSessionException: no such session
  (Driver info: chromedriver=2.35.528161 (5b82f2d2aae0ca24b877009200ced9065a772e73),platform=Windows NT 10.0.16299 x86_64) (WARNING: The server did not provide any stacktrace information)
Command duration or timeout: 0 milliseconds
Build info: version: '3.7.1', revision: '8a0099a', time: '2017-11-06T21:07:36.161Z'
System info: host: 'DTO-PC', ip: '10.0.75.1', os.name: 'Windows 10', os.arch: 'amd64', os.version: '10.0', java.version: '1.8.0_102'
Driver info: com.kms.katalon.core.webui.driver.ExistingRemoteWebDriver
Capabilities {javascriptEnabled: true, platform: ANY, platformName: ANY}
Session ID: 04186516cb7d080b74b4095e4d58304d)

2018-03-29 07:17:20 - [TEST_STEP][FAILED] - openBrowser: Unable to open browser with url: '' (Root cause: org.openqa.selenium.NoSuchSessionException: no such session
  (Driver info: chromedriver=2.35.528161 (5b82f2d2aae0ca24b877009200ced9065a772e73),platform=Windows NT 10.0.16299 x86_64) (WARNING: The server did not provide any stacktrace information)
Command duration or timeout: 0 milliseconds
Build info: version: '3.7.1', revision: '8a0099a', time: '2017-11-06T21:07:36.161Z'
System info: host: 'DTO-PC', ip: '10.0.75.1', os.name: 'Windows 10', os.arch: 'amd64', os.version: '10.0', java.version: '1.8.0_102'
Driver info: com.kms.katalon.core.webui.driver.ExistingRemoteWebDriver
Capabilities {javascriptEnabled: true, platform: ANY, platformName: ANY}
Session ID: 04186516cb7d080b74b4095e4d58304d)

2018-03-29 07:17:20 - [MESSAGE][FAILED] - Unable to open browser with url: '' (Root cause: org.openqa.selenium.NoSuchSessionException: no such session
  (Driver info: chromedriver=2.35.528161 (5b82f2d2aae0ca24b877009200ced9065a772e73),platform=Windows NT 10.0.16299 x86_64) (WARNING: The server did not provide any stacktrace information)
Command duration or timeout: 0 milliseconds
Build info: version: '3.7.1', revision: '8a0099a', time: '2017-11-06T21:07:36.161Z'
System info: host: 'DTO-PC', ip: '10.0.75.1', os.name: 'Windows 10', os.arch: 'amd64', os.version: '10.0', java.version: '1.8.0_102'
Driver info: com.kms.katalon.core.webui.driver.ExistingRemoteWebDriver
Capabilities {javascriptEnabled: true, platform: ANY, platformName: ANY}
Session ID: 04186516cb7d080b74b4095e4d58304d)]]></system-out>
         <system-err><![CDATA[2018-03-29 07:17:20 - [TEST_CASE][FAILED] - Test Cases/Test case 3: Test Cases/Test case 3 FAILED because (of) Unable to open browser with url: '' (Root cause: org.openqa.selenium.NoSuchSessionException: no such session
  (Driver info: chromedriver=2.35.528161 (5b82f2d2aae0ca24b877009200ced9065a772e73),platform=Windows NT 10.0.16299 x86_64) (WARNING: The server did not provide any stacktrace information)
Command duration or timeout: 0 milliseconds
Build info: version: '3.7.1', revision: '8a0099a', time: '2017-11-06T21:07:36.161Z'
System info: host: 'DTO-PC', ip: '10.0.75.1', os.name: 'Windows 10', os.arch: 'amd64', os.version: '10.0', java.version: '1.8.0_102'
Driver info: com.kms.katalon.core.webui.driver.ExistingRemoteWebDriver
Capabilities {javascriptEnabled: true, platform: ANY, platformName: ANY}
Session ID: 04186516cb7d080b74b4095e4d58304d)]]></system-err>
      </testcase>
      <testcase name="Test Cases/Test case 4" classname="Test Cases/Test case 4" status="FAILED">
         <failure type="FAILED" message="Unable to open browser with url: '' (Root cause: org.openqa.selenium.NoSuchSessionException: no such session
  (Driver info: chromedriver=2.35.528161 (5b82f2d2aae0ca24b877009200ced9065a772e73),platform=Windows NT 10.0.16299 x86_64) (WARNING: The server did not provide any stacktrace information)
Command duration or timeout: 0 milliseconds
Build info: version: '3.7.1', revision: '8a0099a', time: '2017-11-06T21:07:36.161Z'
System info: host: 'DTO-PC', ip: '10.0.75.1', os.name: 'Windows 10', os.arch: 'amd64', os.version: '10.0', java.version: '1.8.0_102'
Driver info: com.kms.katalon.core.webui.driver.ExistingRemoteWebDriver
Capabilities {javascriptEnabled: true, platform: ANY, platformName: ANY}
Session ID: 04186516cb7d080b74b4095e4d58304d)"/>
         <system-out><![CDATA[2018-03-29 07:17:20 - [TEST_CASE][FAILED] - Test Cases/Test case 4: Test Cases/Test case 4 FAILED because (of) Unable to open browser with url: '' (Root cause: org.openqa.selenium.NoSuchSessionException: no such session
  (Driver info: chromedriver=2.35.528161 (5b82f2d2aae0ca24b877009200ced9065a772e73),platform=Windows NT 10.0.16299 x86_64) (WARNING: The server did not provide any stacktrace information)
Command duration or timeout: 0 milliseconds
Build info: version: '3.7.1', revision: '8a0099a', time: '2017-11-06T21:07:36.161Z'
System info: host: 'DTO-PC', ip: '10.0.75.1', os.name: 'Windows 10', os.arch: 'amd64', os.version: '10.0', java.version: '1.8.0_102'
Driver info: com.kms.katalon.core.webui.driver.ExistingRemoteWebDriver
Capabilities {javascriptEnabled: true, platform: ANY, platformName: ANY}
Session ID: 04186516cb7d080b74b4095e4d58304d)

2018-03-29 07:17:20 - [TEST_STEP][FAILED] - openBrowser: Unable to open browser with url: '' (Root cause: org.openqa.selenium.NoSuchSessionException: no such session
  (Driver info: chromedriver=2.35.528161 (5b82f2d2aae0ca24b877009200ced9065a772e73),platform=Windows NT 10.0.16299 x86_64) (WARNING: The server did not provide any stacktrace information)
Command duration or timeout: 0 milliseconds
Build info: version: '3.7.1', revision: '8a0099a', time: '2017-11-06T21:07:36.161Z'
System info: host: 'DTO-PC', ip: '10.0.75.1', os.name: 'Windows 10', os.arch: 'amd64', os.version: '10.0', java.version: '1.8.0_102'
Driver info: com.kms.katalon.core.webui.driver.ExistingRemoteWebDriver
Capabilities {javascriptEnabled: true, platform: ANY, platformName: ANY}
Session ID: 04186516cb7d080b74b4095e4d58304d)

2018-03-29 07:17:21 - [MESSAGE][FAILED] - Unable to open browser with url: '' (Root cause: org.openqa.selenium.NoSuchSessionException: no such session
  (Driver info: chromedriver=2.35.528161 (5b82f2d2aae0ca24b877009200ced9065a772e73),platform=Windows NT 10.0.16299 x86_64) (WARNING: The server did not provide any stacktrace information)
Command duration or timeout: 0 milliseconds
Build info: version: '3.7.1', revision: '8a0099a', time: '2017-11-06T21:07:36.161Z'
System info: host: 'DTO-PC', ip: '10.0.75.1', os.name: 'Windows 10', os.arch: 'amd64', os.version: '10.0', java.version: '1.8.0_102'
Driver info: com.kms.katalon.core.webui.driver.ExistingRemoteWebDriver
Capabilities {javascriptEnabled: true, platform: ANY, platformName: ANY}
Session ID: 04186516cb7d080b74b4095e4d58304d)]]></system-out>
         <system-err><![CDATA[2018-03-29 07:17:20 - [TEST_CASE][FAILED] - Test Cases/Test case 4: Test Cases/Test case 4 FAILED because (of) Unable to open browser with url: '' (Root cause: org.openqa.selenium.NoSuchSessionException: no such session
  (Driver info: chromedriver=2.35.528161 (5b82f2d2aae0ca24b877009200ced9065a772e73),platform=Windows NT 10.0.16299 x86_64) (WARNING: The server did not provide any stacktrace information)
Command duration or timeout: 0 milliseconds
Build info: version: '3.7.1', revision: '8a0099a', time: '2017-11-06T21:07:36.161Z'
System info: host: 'DTO-PC', ip: '10.0.75.1', os.name: 'Windows 10', os.arch: 'amd64', os.version: '10.0', java.version: '1.8.0_102'
Driver info: com.kms.katalon.core.webui.driver.ExistingRemoteWebDriver
Capabilities {javascriptEnabled: true, platform: ANY, platformName: ANY}
Session ID: 04186516cb7d080b74b4095e4d58304d)]]></system-err>
      </testcase>
      <testcase name="Test Cases/Test case 5" classname="Test Cases/Test case 5" status="FAILED">
         <failure type="FAILED" message="Unable to open browser with url: '' (Root cause: org.openqa.selenium.NoSuchSessionException: no such session
  (Driver info: chromedriver=2.35.528161 (5b82f2d2aae0ca24b877009200ced9065a772e73),platform=Windows NT 10.0.16299 x86_64) (WARNING: The server did not provide any stacktrace information)
Command duration or timeout: 0 milliseconds
Build info: version: '3.7.1', revision: '8a0099a', time: '2017-11-06T21:07:36.161Z'
System info: host: 'DTO-PC', ip: '10.0.75.1', os.name: 'Windows 10', os.arch: 'amd64', os.version: '10.0', java.version: '1.8.0_102'
Driver info: com.kms.katalon.core.webui.driver.ExistingRemoteWebDriver
Capabilities {javascriptEnabled: true, platform: ANY, platformName: ANY}
Session ID: 04186516cb7d080b74b4095e4d58304d)"/>
         <system-out><![CDATA[2018-03-29 07:17:21 - [TEST_CASE][FAILED] - Test Cases/Test case 5: Test Cases/Test case 5 FAILED because (of) Unable to open browser with url: '' (Root cause: org.openqa.selenium.NoSuchSessionException: no such session
  (Driver info: chromedriver=2.35.528161 (5b82f2d2aae0ca24b877009200ced9065a772e73),platform=Windows NT 10.0.16299 x86_64) (WARNING: The server did not provide any stacktrace information)
Command duration or timeout: 0 milliseconds
Build info: version: '3.7.1', revision: '8a0099a', time: '2017-11-06T21:07:36.161Z'
System info: host: 'DTO-PC', ip: '10.0.75.1', os.name: 'Windows 10', os.arch: 'amd64', os.version: '10.0', java.version: '1.8.0_102'
Driver info: com.kms.katalon.core.webui.driver.ExistingRemoteWebDriver
Capabilities {javascriptEnabled: true, platform: ANY, platformName: ANY}
Session ID: 04186516cb7d080b74b4095e4d58304d)

2018-03-29 07:17:21 - [TEST_STEP][FAILED] - openBrowser: Unable to open browser with url: '' (Root cause: org.openqa.selenium.NoSuchSessionException: no such session
  (Driver info: chromedriver=2.35.528161 (5b82f2d2aae0ca24b877009200ced9065a772e73),platform=Windows NT 10.0.16299 x86_64) (WARNING: The server did not provide any stacktrace information)
Command duration or timeout: 0 milliseconds
Build info: version: '3.7.1', revision: '8a0099a', time: '2017-11-06T21:07:36.161Z'
System info: host: 'DTO-PC', ip: '10.0.75.1', os.name: 'Windows 10', os.arch: 'amd64', os.version: '10.0', java.version: '1.8.0_102'
Driver info: com.kms.katalon.core.webui.driver.ExistingRemoteWebDriver
Capabilities {javascriptEnabled: true, platform: ANY, platformName: ANY}
Session ID: 04186516cb7d080b74b4095e4d58304d)

2018-03-29 07:17:21 - [MESSAGE][FAILED] - Unable to open browser with url: '' (Root cause: org.openqa.selenium.NoSuchSessionException: no such session
  (Driver info: chromedriver=2.35.528161 (5b82f2d2aae0ca24b877009200ced9065a772e73),platform=Windows NT 10.0.16299 x86_64) (WARNING: The server did not provide any stacktrace information)
Command duration or timeout: 0 milliseconds
Build info: version: '3.7.1', revision: '8a0099a', time: '2017-11-06T21:07:36.161Z'
System info: host: 'DTO-PC', ip: '10.0.75.1', os.name: 'Windows 10', os.arch: 'amd64', os.version: '10.0', java.version: '1.8.0_102'
Driver info: com.kms.katalon.core.webui.driver.ExistingRemoteWebDriver
Capabilities {javascriptEnabled: true, platform: ANY, platformName: ANY}
Session ID: 04186516cb7d080b74b4095e4d58304d)]]></system-out>
         <system-err><![CDATA[2018-03-29 07:17:21 - [TEST_CASE][FAILED] - Test Cases/Test case 5: Test Cases/Test case 5 FAILED because (of) Unable to open browser with url: '' (Root cause: org.openqa.selenium.NoSuchSessionException: no such session
  (Driver info: chromedriver=2.35.528161 (5b82f2d2aae0ca24b877009200ced9065a772e73),platform=Windows NT 10.0.16299 x86_64) (WARNING: The server did not provide any stacktrace information)
Command duration or timeout: 0 milliseconds
Build info: version: '3.7.1', revision: '8a0099a', time: '2017-11-06T21:07:36.161Z'
System info: host: 'DTO-PC', ip: '10.0.75.1', os.name: 'Windows 10', os.arch: 'amd64', os.version: '10.0', java.version: '1.8.0_102'
Driver info: com.kms.katalon.core.webui.driver.ExistingRemoteWebDriver
Capabilities {javascriptEnabled: true, platform: ANY, platformName: ANY}
Session ID: 04186516cb7d080b74b4095e4d58304d)]]></system-err>
      </testcase>
      <system-out><![CDATA[2018-03-29 07:16:45 - [TEST_SUITE][FAILED] - Test Suite 1: Test Cases/Test case 1 FAILED because (of) Verify element text of test object 'Object Repository/Page_Lab 234/answer' FAILED. (Root cause: com.kms.katalon.core.webui.exception.WebElementNotFoundException: Web element with id: 'Object Repository/Page_Lab 234/answer' located by 'By.xpath: /html[1]/body[1]/app-root[1]/div[@class="row"]/div[@class="col-md-6"]/button[@class="btn btn-warning btn-lg col-md-3"]' not found)]]></system-out>
      <system-err><![CDATA[2018-03-29 07:16:45 - [TEST_SUITE][FAILED] - Test Suite 1: Test Cases/Test case 1 FAILED because (of) Verify element text of test object 'Object Repository/Page_Lab 234/answer' FAILED. (Root cause: com.kms.katalon.core.webui.exception.WebElementNotFoundException: Web element with id: 'Object Repository/Page_Lab 234/answer' located by 'By.xpath: /html[1]/body[1]/app-root[1]/div[@class="row"]/div[@class="col-md-6"]/button[@class="btn btn-warning btn-lg col-md-3"]' not found)]]></system-err>
   </testsuite>
</testsuites>
